# JRE version: OpenJDK Runtime Environment (11.0.13) (build 11.0.13+0-b1751.21-8125866)
# Java VM: OpenJDK 64-Bit Server VM (11.0.13+0-b1751.21-8125866, mixed mode, tiered, compressed oops, g1 gc, windows-amd64)
Heap:
 garbage-first heap   total 647168K, used 254976K [0x0000000080000000, 0x0000000100000000)
  region size 1024K, 3 young (3072K), 3 survivors (3072K)
 Metaspace       used 148293K, capacity 152339K, committed 154280K, reserved 1183744K
  class space    used 18151K, capacity 19643K, committed 20096K, reserved 1048576K
GC Heap History (20 events):
Event: 4486.180 GC heap after
{Heap after GC invocations=87 (full 0):
 garbage-first heap   total 413696K, used 250425K [0x0000000080000000, 0x0000000100000000)
  region size 1024K, 2 young (2048K), 2 survivors (2048K)
 Metaspace       used 148924K, capacity 153648K, committed 153768K, reserved 1183744K
  class space    used 18350K, capacity 20035K, committed 20096K, reserved 1048576K
}
Event: 4486.378 GC heap before
{Heap before GC invocations=87 (full 0):
 garbage-first heap   total 413696K, used 348729K [0x0000000080000000, 0x0000000100000000)
  region size 1024K, 98 young (100352K), 2 survivors (2048K)
 Metaspace       used 148981K, capacity 153653K, committed 153768K, reserved 1183744K
  class space    used 18350K, capacity 20035K, committed 20096K, reserved 1048576K
}
Event: 4486.383 GC heap after
{Heap after GC invocations=88 (full 0):
 garbage-first heap   total 413696K, used 250914K [0x0000000080000000, 0x0000000100000000)
  region size 1024K, 3 young (3072K), 3 survivors (3072K)
 Metaspace       used 148981K, capacity 153653K, committed 153768K, reserved 1183744K
  class space    used 18350K, capacity 20035K, committed 20096K, reserved 1048576K
}
Event: 4486.566 GC heap before
{Heap before GC invocations=88 (full 0):
 garbage-first heap   total 413696K, used 351266K [0x0000000080000000, 0x0000000100000000)
  region size 1024K, 101 young (103424K), 3 survivors (3072K)
 Metaspace       used 149020K, capacity 153718K, committed 154024K, reserved 1183744K
  class space    used 18350K, capacity 20035K, committed 20096K, reserved 1048576K
}
Event: 4486.571 GC heap after
{Heap after GC invocations=89 (full 0):
 garbage-first heap   total 413696K, used 252011K [0x0000000080000000, 0x0000000100000000)
  region size 1024K, 4 young (4096K), 4 survivors (4096K)
 Metaspace       used 149020K, capacity 153718K, committed 154024K, reserved 1183744K
  class space    used 18350K, capacity 20035K, committed 20096K, reserved 1048576K
}
Event: 4486.755 GC heap before
{Heap before GC invocations=89 (full 0):
 garbage-first heap   total 413696K, used 353387K [0x0000000080000000, 0x0000000100000000)
  region size 1024K, 103 young (105472K), 4 survivors (4096K)
 Metaspace       used 149049K, capacity 153723K, committed 154024K, reserved 1183744K
  class space    used 18350K, capacity 20036K, committed 20096K, reserved 1048576K
}
Event: 4486.760 GC heap after
{Heap after GC invocations=90 (full 0):
 garbage-first heap   total 413696K, used 251766K [0x0000000080000000, 0x0000000100000000)
  region size 1024K, 3 young (3072K), 3 survivors (3072K)
 Metaspace       used 149049K, capacity 153723K, committed 154024K, reserved 1183744K
  class space    used 18350K, capacity 20036K, committed 20096K, reserved 1048576K
}
Event: 4486.975 GC heap before
{Heap before GC invocations=90 (full 0):
 garbage-first heap   total 413696K, used 356214K [0x0000000080000000, 0x0000000100000000)
  region size 1024K, 105 young (107520K), 3 survivors (3072K)
 Metaspace       used 149134K, capacity 153828K, committed 154024K, reserved 1183744K
  class space    used 18358K, capacity 20046K, committed 20096K, reserved 1048576K
}
Event: 4486.984 GC heap after
{Heap after GC invocations=91 (full 0):
 garbage-first heap   total 413696K, used 256954K [0x0000000080000000, 0x0000000100000000)
  region size 1024K, 9 young (9216K), 9 survivors (9216K)
 Metaspace       used 149134K, capacity 153828K, committed 154024K, reserved 1183744K
  class space    used 18358K, capacity 20046K, committed 20096K, reserved 1048576K
}
Event: 4487.254 GC heap before
{Heap before GC invocations=91 (full 0):
 garbage-first heap   total 413696K, used 357306K [0x0000000080000000, 0x0000000100000000)
  region size 1024K, 106 young (108544K), 9 survivors (9216K)
 Metaspace       used 149180K, capacity 153906K, committed 154024K, reserved 1183744K
  class space    used 18360K, capacity 20050K, committed 20096K, reserved 1048576K
}
Event: 4487.261 GC heap after
{Heap after GC invocations=92 (full 0):
 garbage-first heap   total 413696K, used 254464K [0x0000000080000000, 0x0000000100000000)
  region size 1024K, 5 young (5120K), 5 survivors (5120K)
 Metaspace       used 149180K, capacity 153906K, committed 154024K, reserved 1183744K
  class space    used 18360K, capacity 20050K, committed 20096K, reserved 1048576K
}
Event: 4487.572 GC heap before
{Heap before GC invocations=92 (full 0):
 garbage-first heap   total 413696K, used 357888K [0x0000000080000000, 0x0000000100000000)
  region size 1024K, 106 young (108544K), 5 survivors (5120K)
 Metaspace       used 149223K, capacity 153912K, committed 154024K, reserved 1183744K
  class space    used 18361K, capacity 20052K, committed 20096K, reserved 1048576K
}
Event: 4487.577 GC heap after
{Heap after GC invocations=93 (full 0):
 garbage-first heap   total 413696K, used 253960K [0x0000000080000000, 0x0000000100000000)
  region size 1024K, 5 young (5120K), 5 survivors (5120K)
 Metaspace       used 149223K, capacity 153912K, committed 154024K, reserved 1183744K
  class space    used 18361K, capacity 20052K, committed 20096K, reserved 1048576K
}
Event: 4487.825 GC heap before
{Heap before GC invocations=93 (full 0):
 garbage-first heap   total 413696K, used 337928K [0x0000000080000000, 0x0000000100000000)
  region size 1024K, 69 young (70656K), 5 survivors (5120K)
 Metaspace       used 149349K, capacity 154164K, committed 154280K, reserved 1183744K
  class space    used 18368K, capacity 20062K, committed 20096K, reserved 1048576K
}
Event: 4487.832 GC heap after
{Heap after GC invocations=94 (full 0):
 garbage-first heap   total 413696K, used 275968K [0x0000000080000000, 0x0000000100000000)
  region size 1024K, 11 young (11264K), 11 survivors (11264K)
 Metaspace       used 149349K, capacity 154164K, committed 154280K, reserved 1183744K
  class space    used 18368K, capacity 20062K, committed 20096K, reserved 1048576K
}
Event: 4488.201 GC heap before
{Heap before GC invocations=95 (full 0):
 garbage-first heap   total 413696K, used 353792K [0x0000000080000000, 0x0000000100000000)
  region size 1024K, 91 young (93184K), 11 survivors (11264K)
 Metaspace       used 148286K, capacity 152339K, committed 154280K, reserved 1183744K
  class space    used 18151K, capacity 19643K, committed 20096K, reserved 1048576K
}
Event: 4488.241 GC heap after
{Heap after GC invocations=96 (full 0):
 garbage-first heap   total 413696K, used 294684K [0x0000000080000000, 0x0000000100000000)
  region size 1024K, 12 young (12288K), 12 survivors (12288K)
 Metaspace       used 148286K, capacity 152339K, committed 154280K, reserved 1183744K
  class space    used 18151K, capacity 19643K, committed 20096K, reserved 1048576K
}
Event: 4488.264 GC heap before
{Heap before GC invocations=96 (full 0):
 garbage-first heap   total 413696K, used 302876K [0x0000000080000000, 0x0000000100000000)
  region size 1024K, 20 young (20480K), 12 survivors (12288K)
 Metaspace       used 148286K, capacity 152339K, committed 154280K, reserved 1183744K
  class space    used 18151K, capacity 19643K, committed 20096K, reserved 1048576K
}
Event: 4488.288 GC heap after
{Heap after GC invocations=97 (full 0):
 garbage-first heap   total 413696K, used 262829K [0x0000000080000000, 0x0000000100000000)
  region size 1024K, 3 young (3072K), 3 survivors (3072K)
 Metaspace       used 148286K, capacity 152339K, committed 154280K, reserved 1183744K
  class space    used 18151K, capacity 19643K, committed 20096K, reserved 1048576K
}
Event: 4488.327 GC heap before
{Heap before GC invocations=97 (full 0):
 garbage-first heap   total 413696K, used 280237K [0x0000000080000000, 0x0000000100000000)
  region size 1024K, 20 young (20480K), 3 survivors (3072K)
 Metaspace       used 148293K, capacity 152339K, committed 154280K, reserved 1183744K
  class space    used 18151K, capacity 19643K, committed 20096K, reserved 1048576K
}

